Timing is on.
CREATE SCHEMA
Time: 392,958 ms
CREATE SCHEMA
Time: 338,671 ms
psql:vmart_define_schema_GP.sql:27: NOTICE:  CREATE TABLE / PRIMARY KEY will create implicit index "customer_dimension_pkey" for table "customer_dimension"
CREATE TABLE
Time: 835,867 ms
psql:vmart_define_schema_GP.sql:52: NOTICE:  CREATE TABLE / PRIMARY KEY will create implicit index "product_dimension_pkey" for table "product_dimension"
CREATE TABLE
Time: 623,158 ms
psql:vmart_define_schema_GP.sql:67: NOTICE:  CREATE TABLE / PRIMARY KEY will create implicit index "promotion_dimension_pkey" for table "promotion_dimension"
CREATE TABLE
Time: 743,791 ms
psql:vmart_define_schema_GP.sql:91: NOTICE:  CREATE TABLE / PRIMARY KEY will create implicit index "date_dimension_pkey" for table "date_dimension"
CREATE TABLE
Time: 921,181 ms
psql:vmart_define_schema_GP.sql:102: NOTICE:  CREATE TABLE / PRIMARY KEY will create implicit index "vendor_dimension_pkey" for table "vendor_dimension"
CREATE TABLE
Time: 533,796 ms
psql:vmart_define_schema_GP.sql:123: NOTICE:  CREATE TABLE / PRIMARY KEY will create implicit index "employee_dimension_pkey" for table "employee_dimension"
CREATE TABLE
Time: 712,617 ms
psql:vmart_define_schema_GP.sql:130: NOTICE:  CREATE TABLE / PRIMARY KEY will create implicit index "shipping_dimension_pkey" for table "shipping_dimension"
CREATE TABLE
Time: 804,459 ms
psql:vmart_define_schema_GP.sql:139: NOTICE:  CREATE TABLE / PRIMARY KEY will create implicit index "warehouse_dimension_pkey" for table "warehouse_dimension"
CREATE TABLE
Time: 1016,759 ms
CREATE TABLE
Time: 1051,778 ms
psql:vmart_define_schema_GP.sql:157: WARNING:  Referential integrity (FOREIGN KEY) constraints are not supported in Greenplum Database, will not be enforced.
psql:vmart_define_schema_GP.sql:157: WARNING:  Referential integrity (FOREIGN KEY) constraints are not supported in Greenplum Database, will not be enforced.
psql:vmart_define_schema_GP.sql:157: WARNING:  Referential integrity (FOREIGN KEY) constraints are not supported in Greenplum Database, will not be enforced.
ALTER TABLE
Time: 332,119 ms
psql:vmart_define_schema_GP.sql:179: NOTICE:  CREATE TABLE / PRIMARY KEY will create implicit index "store_dimension_pkey" for table "store_dimension"
CREATE TABLE
Time: 842,711 ms
CREATE TABLE
Time: 966,490 ms
Time: 0,305 ms
psql:vmart_define_schema_GP.sql:213: WARNING:  Referential integrity (FOREIGN KEY) constraints are not supported in Greenplum Database, will not be enforced.
psql:vmart_define_schema_GP.sql:213: WARNING:  Referential integrity (FOREIGN KEY) constraints are not supported in Greenplum Database, will not be enforced.
psql:vmart_define_schema_GP.sql:213: WARNING:  Referential integrity (FOREIGN KEY) constraints are not supported in Greenplum Database, will not be enforced.
psql:vmart_define_schema_GP.sql:213: WARNING:  Referential integrity (FOREIGN KEY) constraints are not supported in Greenplum Database, will not be enforced.
psql:vmart_define_schema_GP.sql:213: WARNING:  Referential integrity (FOREIGN KEY) constraints are not supported in Greenplum Database, will not be enforced.
psql:vmart_define_schema_GP.sql:213: WARNING:  Referential integrity (FOREIGN KEY) constraints are not supported in Greenplum Database, will not be enforced.
ALTER TABLE
Time: 378,072 ms
CREATE TABLE
Time: 1032,509 ms
Time: 0,302 ms
psql:vmart_define_schema_GP.sql:248: WARNING:  Referential integrity (FOREIGN KEY) constraints are not supported in Greenplum Database, will not be enforced.
psql:vmart_define_schema_GP.sql:248: WARNING:  Referential integrity (FOREIGN KEY) constraints are not supported in Greenplum Database, will not be enforced.
psql:vmart_define_schema_GP.sql:248: WARNING:  Referential integrity (FOREIGN KEY) constraints are not supported in Greenplum Database, will not be enforced.
psql:vmart_define_schema_GP.sql:248: WARNING:  Referential integrity (FOREIGN KEY) constraints are not supported in Greenplum Database, will not be enforced.
ALTER TABLE
Time: 432,130 ms
psql:vmart_define_schema_GP.sql:259: NOTICE:  CREATE TABLE / PRIMARY KEY will create implicit index "online_page_dimension_pkey" for table "online_page_dimension"
CREATE TABLE
Time: 980,644 ms
psql:vmart_define_schema_GP.sql:274: NOTICE:  CREATE TABLE / PRIMARY KEY will create implicit index "call_center_dimension_pkey" for table "call_center_dimension"
CREATE TABLE
Time: 644,524 ms
CREATE TABLE
Time: 892,144 ms
Time: 0,321 ms
psql:vmart_define_schema_GP.sql:318: WARNING:  Referential integrity (FOREIGN KEY) constraints are not supported in Greenplum Database, will not be enforced.
psql:vmart_define_schema_GP.sql:318: WARNING:  Referential integrity (FOREIGN KEY) constraints are not supported in Greenplum Database, will not be enforced.
psql:vmart_define_schema_GP.sql:318: WARNING:  Referential integrity (FOREIGN KEY) constraints are not supported in Greenplum Database, will not be enforced.
psql:vmart_define_schema_GP.sql:318: WARNING:  Referential integrity (FOREIGN KEY) constraints are not supported in Greenplum Database, will not be enforced.
psql:vmart_define_schema_GP.sql:318: WARNING:  Referential integrity (FOREIGN KEY) constraints are not supported in Greenplum Database, will not be enforced.
psql:vmart_define_schema_GP.sql:318: WARNING:  Referential integrity (FOREIGN KEY) constraints are not supported in Greenplum Database, will not be enforced.
psql:vmart_define_schema_GP.sql:318: WARNING:  Referential integrity (FOREIGN KEY) constraints are not supported in Greenplum Database, will not be enforced.
psql:vmart_define_schema_GP.sql:318: WARNING:  Referential integrity (FOREIGN KEY) constraints are not supported in Greenplum Database, will not be enforced.
psql:vmart_define_schema_GP.sql:318: WARNING:  Referential integrity (FOREIGN KEY) constraints are not supported in Greenplum Database, will not be enforced.
ALTER TABLE
Time: 457,044 ms
